<?xml version="1.0" encoding="UTF-8"?>
<!-- Generated by org.testng.reporters.JUnitXMLReporter -->
<testsuite hostname="LAPTOP-A5FC2L77" ignored="0" name="Test" tests="6" failures="0" timestamp="2020-01-21T16:41:03 IST" time="0.077" errors="0">
  <testcase name="BrowserAutomation" time="0.011" classname="garryframework.SeleniumTest"/>
  <testcase name="WebUiElements" time="0.003" classname="garryframework.SeleniumTest"/>
  <testcase name="IosApp" time="0.001" classname="garryframework.AppiumTest"/>
  <testcase name="NativeAppAndroid" time="0.003" classname="garryframework.AppiumTest"/>
  <testcase name="deleteTwitter" time="0.002" classname="garryframework.RestApiTest"/>
  <testcase name="postJira" time="0.004" classname="garryframework.RestApiTest"/>
</testsuite> <!-- Test -->
