<?xml version="1.0" encoding="UTF-8"?>
<!-- Generated by org.testng.reporters.JUnitXMLReporter -->
<testsuite hostname="LAPTOP-A5FC2L77" ignored="0" name="Command line test" tests="6" failures="0" timestamp="2020-01-21T16:42:32 IST" time="0.05" errors="0">
  <testcase name="IosApp" time="0.005" classname="garryframework.AppiumTest"/>
  <testcase name="NativeAppAndroid" time="0.0" classname="garryframework.AppiumTest"/>
  <testcase name="deleteTwitter" time="0.0" classname="garryframework.RestApiTest"/>
  <testcase name="postJira" time="0.0" classname="garryframework.RestApiTest"/>
  <testcase name="BrowserAutomation" time="0.0" classname="garryframework.SeleniumTest"/>
  <testcase name="WebUiElements" time="0.0" classname="garryframework.SeleniumTest"/>
</testsuite> <!-- Command line test -->
