<?xml version="1.0" encoding="UTF-8"?>
<!-- Generated by org.testng.reporters.JUnitXMLReporter -->
<testsuite ignored="0" hostname="LAPTOP-A5FC2L77" failures="0" tests="4" name="Test" time="0.052" errors="0" timestamp="2020-01-21T13:49:17 IST">
  <testcase classname="garryframework.SeleniumTest" name="BrowserAutomation" time="0.006"/>
  <testcase classname="garryframework.SeleniumTest" name="WebUiElements" time="0.001"/>
  <testcase classname="garryframework.AppiumTest" name="IosApp" time="0.001"/>
  <testcase classname="garryframework.AppiumTest" name="NativeAppAndroid" time="0.001"/>
</testsuite> <!-- Test -->
