<?xml version="1.0" encoding="UTF-8"?>
<testng-results skipped="0" failed="0" ignored="0" total="6" passed="6">
  <reporter-output>
  </reporter-output>
  <suite name="Command line suite" duration-ms="50" started-at="2020-01-21T16:42:32 IST" finished-at="2020-01-21T16:42:32 IST">
    <groups>
    </groups>
    <test name="Command line test" duration-ms="50" started-at="2020-01-21T16:42:32 IST" finished-at="2020-01-21T16:42:32 IST">
      <class name="garryframework.AppiumTest">
        <test-method status="PASS" signature="IosApp()[pri:0, instance:garryframework.AppiumTest@13805618]" name="IosApp" duration-ms="5" started-at="2020-01-21T16:42:32 IST" finished-at="2020-01-21T16:42:32 IST">
          <reporter-output>
          </reporter-output>
        </test-method> <!-- IosApp -->
        <test-method status="PASS" signature="NativeAppAndroid()[pri:0, instance:garryframework.AppiumTest@13805618]" name="NativeAppAndroid" duration-ms="0" started-at="2020-01-21T16:42:32 IST" finished-at="2020-01-21T16:42:32 IST">
          <reporter-output>
          </reporter-output>
        </test-method> <!-- NativeAppAndroid -->
      </class> <!-- garryframework.AppiumTest -->
      <class name="garryframework.SeleniumTest">
        <test-method status="PASS" signature="BrowserAutomation()[pri:0, instance:garryframework.SeleniumTest@4566e5bd]" name="BrowserAutomation" duration-ms="0" started-at="2020-01-21T16:42:32 IST" finished-at="2020-01-21T16:42:32 IST">
          <reporter-output>
          </reporter-output>
        </test-method> <!-- BrowserAutomation -->
        <test-method status="PASS" signature="WebUiElements()[pri:0, instance:garryframework.SeleniumTest@4566e5bd]" name="WebUiElements" duration-ms="0" started-at="2020-01-21T16:42:32 IST" finished-at="2020-01-21T16:42:32 IST">
          <reporter-output>
          </reporter-output>
        </test-method> <!-- WebUiElements -->
      </class> <!-- garryframework.SeleniumTest -->
      <class name="garryframework.RestApiTest">
        <test-method status="PASS" signature="deleteTwitter()[pri:0, instance:garryframework.RestApiTest@56ef9176]" name="deleteTwitter" duration-ms="0" started-at="2020-01-21T16:42:32 IST" finished-at="2020-01-21T16:42:32 IST">
          <reporter-output>
          </reporter-output>
        </test-method> <!-- deleteTwitter -->
        <test-method status="PASS" signature="postJira()[pri:0, instance:garryframework.RestApiTest@56ef9176]" name="postJira" duration-ms="0" started-at="2020-01-21T16:42:32 IST" finished-at="2020-01-21T16:42:32 IST">
          <reporter-output>
          </reporter-output>
        </test-method> <!-- postJira -->
      </class> <!-- garryframework.RestApiTest -->
    </test> <!-- Command line test -->
  </suite> <!-- Command line suite -->
</testng-results>
